<?xml version="1.0" encoding="UTF-8"?>
<!-- Generated by org.testng.reporters.JUnitReportReporter -->
<testsuite skipped="0" hostname="MacBook-Pro-5.local" name="assignment1" tests="1" failures="0" timestamp="17 Oct 2019 14:48:42 GMT" time="25.021" errors="0">
  <testcase name="Pixel3aPrice" time="25.021" classname="assignment1"/>
</testsuite> <!-- assignment1 -->
